<?xml version="1.0" encoding="UTF-8"?>
<!-- Generated by org.testng.reporters.JUnitReportReporter -->
<testsuite skipped="0" hostname="admin-PC" name="Com.TestCase.Verified" tests="4" failures="0" timestamp="21 Sep 2019 02:31:39 GMT" time="201.573" errors="0">
  <testcase name="Fileupload" time="77.338" classname="Com.TestCase.Verified"/>
  <testcase name="schedulaedemo" time="16.024" classname="Com.TestCase.Verified"/>
  <testcase name="Inner_page" time="16.061" classname="Com.TestCase.Verified"/>
  <testcase name="verifyValidLogin" time="92.150" classname="Com.TestCase.Verified"/>
</testsuite> <!-- Com.TestCase.Verified -->
